#
# There is insufficient memory for the Java Runtime Environment to continue.
# Native memory allocation (mmap) failed to map 132120576 bytes for committing reserved memory.
# Possible reasons:
#   The system is out of physical RAM or swap space
#   In 32 bit mode, the process size limit was hit
# Possible solutions:
#   Reduce memory load on the system
#   Increase physical memory or swap space
#   Check if swap backing store is full
#   Use 64 bit Java on a 64 bit OS
#   Decrease Java heap size (-Xmx/-Xms)
#   Decrease number of Java threads
#   Decrease Java thread stack sizes (-Xss)
#   Set larger code cache with -XX:ReservedCodeCacheSize=
# This output file may be truncated or incomplete.
#
#  Out of Memory Error (os_linux.cpp:2673), pid=19571, tid=140076808890112
#
# JRE version: OpenJDK Runtime Environment (8.0_40-b20) (build 1.8.0_40-b20)
# Java VM: OpenJDK 64-Bit Server VM (25.40-b23 mixed mode linux-amd64 compressed oops)
# Failed to write core dump. Core dumps have been disabled. To enable core dumping, try "ulimit -c unlimited" before starting Java again
#

---------------  T H R E A D  ---------------

Current thread (0x00007f663c075800):  VMThread [stack: 0x00007f662c5f6000,0x00007f662c6f7000] [id=19584]

Stack: [0x00007f662c5f6000,0x00007f662c6f7000],  sp=0x00007f662c6f54d0,  free space=1021k
Native frames: (J=compiled Java code, j=interpreted, Vv=VM code, C=native code)
V  [libjvm.so+0xa8e69d]
V  [libjvm.so+0x4e856c]
V  [libjvm.so+0x8df110]
V  [libjvm.so+0x8d98de]
V  [libjvm.so+0x952cdb]
V  [libjvm.so+0x954043]
V  [libjvm.so+0x950cce]
V  [libjvm.so+0x950fbc]
V  [libjvm.so+0x903a63]
V  [libjvm.so+0xa90112]
V  [libjvm.so+0xa94c17]
V  [libjvm.so+0xa92f1c]
V  [libjvm.so+0xa93737]
V  [libjvm.so+0xa93c71]
V  [libjvm.so+0x8dc612]

VM_Operation (0x00007f661ca978d0): ParallelGCFailedAllocation, mode: safepoint, requested by thread 0x00007f663c1bb800


---------------  P R O C E S S  ---------------

Java Threads: ( => current thread )
  0x00007f65e4177000 JavaThread "TimerQueue" daemon [_thread_blocked, id=19597, stack(0x00007f661c270000,0x00007f661c371000)]
  0x00007f663c008800 JavaThread "DestroyJavaVM" [_thread_blocked, id=19578, stack(0x00007f6644d79000,0x00007f6644e7a000)]
  0x00007f663c1bb800 JavaThread "AWT-EventQueue-0" [_thread_blocked, id=19596, stack(0x00007f661c999000,0x00007f661ca9a000)]
  0x00007f663c1b9800 JavaThread "AWT-Shutdown" [_thread_blocked, id=19595, stack(0x00007f661ca9a000,0x00007f661cb9b000)]
  0x00007f663c1b5800 JavaThread "AWT-XAWT" daemon [_thread_in_native, id=19594, stack(0x00007f661cb9b000,0x00007f661cc9c000)]
  0x00007f663c192000 JavaThread "Java2D Disposer" daemon [_thread_blocked, id=19593, stack(0x00007f661d0ad000,0x00007f661d1ae000)]
  0x00007f663c0bf800 JavaThread "Service Thread" daemon [_thread_blocked, id=19591, stack(0x00007f661feff000,0x00007f6620000000)]
  0x00007f663c0ba800 JavaThread "C1 CompilerThread2" daemon [_thread_blocked, id=19590, stack(0x00007f662402e000,0x00007f662412f000)]
  0x00007f663c0b8800 JavaThread "C2 CompilerThread1" daemon [_thread_blocked, id=19589, stack(0x00007f662412f000,0x00007f6624230000)]
  0x00007f663c0b5800 JavaThread "C2 CompilerThread0" daemon [_thread_blocked, id=19588, stack(0x00007f662c02d000,0x00007f662c12e000)]
  0x00007f663c0b4800 JavaThread "Signal Dispatcher" daemon [_thread_blocked, id=19587, stack(0x00007f662c12e000,0x00007f662c22f000)]
  0x00007f663c07c800 JavaThread "Finalizer" daemon [_thread_blocked, id=19586, stack(0x00007f662c3f4000,0x00007f662c4f5000)]
  0x00007f663c07a800 JavaThread "Reference Handler" daemon [_thread_blocked, id=19585, stack(0x00007f662c4f5000,0x00007f662c5f6000)]

Other Threads:
=>0x00007f663c075800 VMThread [stack: 0x00007f662c5f6000,0x00007f662c6f7000] [id=19584]
  0x00007f663c0c2000 WatcherThread [stack: 0x00007f661fdfe000,0x00007f661feff000] [id=19592]

VM state:at safepoint (normal execution)

VM Mutex/Monitor currently owned by a thread:  ([mutex/lock_event])
[0x00007f663c005f10] Threads_lock - owner thread: 0x00007f663c075800
[0x00007f663c006410] Heap_lock - owner thread: 0x00007f663c1bb800

Heap:
 PSYoungGen      total 132096K, used 160K [0x00000000d6d00000, 0x00000000df300000, 0x0000000100000000)
  eden space 126976K, 0% used [0x00000000d6d00000,0x00000000d6d00000,0x00000000de900000)
  from space 5120K, 3% used [0x00000000de900000,0x00000000de928000,0x00000000dee00000)
  to   space 5120K, 0% used [0x00000000dee00000,0x00000000dee00000,0x00000000df300000)
 ParOldGen       total 84992K, used 4818K [0x0000000084600000, 0x0000000089900000, 0x00000000d6d00000)
  object space 84992K, 5% used [0x0000000084600000,0x0000000084ab4b80,0x0000000089900000)
 Metaspace       used 12736K, capacity 12908K, committed 13184K, reserved 1060864K
  class space    used 1492K, capacity 1570K, committed 1664K, reserved 1048576K

Card table byte_map: [0x00007f6641c02000,0x00007f6641fe0000] byte_map_base: 0x00007f66417df000

Marking Bits: (ParMarkBitMap*) 0x00007f664407e580
 Begin Bits: [0x00007f6624230000, 0x00007f6626118000)
 End Bits:   [0x00007f6626118000, 0x00007f6628000000)

Polling page: 0x00007f6644eb2000

CodeCache: size=245760Kb used=4059Kb max_used=4075Kb free=241700Kb
 bounds [0x00007f662d000000, 0x00007f662d400000, 0x00007f663c000000]
 total_blobs=1649 nmethods=1092 adapters=472
 compilation: enabled

Compilation events (10 events):
Event: 7.291 Thread 0x00007f663c0b5800 1094       4       java.lang.String::trim (77 bytes)
Event: 7.294 Thread 0x00007f663c0ba800 nmethod 1092% 0x00007f662d3ea750 code [0x00007f662d3eafc0, 0x00007f662d3f1058]
Event: 7.296 Thread 0x00007f663c0b5800 nmethod 1094 0x00007f662d3aab90 code [0x00007f662d3aace0, 0x00007f662d3aae08]
Event: 7.299 Thread 0x00007f663c0b5800 1095       4       sun.nio.cs.UTF_8$Decoder::malformedN (192 bytes)
Event: 7.304 Thread 0x00007f663c0b5800 nmethod 1095 0x00007f662d3d1290 code [0x00007f662d3d1460, 0x00007f662d3d18e8]
Event: 7.314 Thread 0x00007f663c0ba800 1096   !   3       sun.nio.cs.StreamDecoder::inReady (36 bytes)
Event: 7.314 Thread 0x00007f663c0ba800 nmethod 1096 0x00007f662d3d0bd0 code [0x00007f662d3d0d60, 0x00007f662d3d1188]
Event: 7.322 Thread 0x00007f663c0b8800 nmethod 1093 0x00007f662d3f7ed0 code [0x00007f662d3f8260, 0x00007f662d3f9c48]
Event: 7.323 Thread 0x00007f663c0b5800 1097 %     4       boomerang_detective.Main::process_input @ 250 (547 bytes)
Event: 7.342 Thread 0x00007f663c0b5800 nmethod 1097% 0x00007f662d3fcb50 code [0x00007f662d3fcf00, 0x00007f662d3fe0b8]

GC Heap History (10 events):
Event: 6.717 GC heap after
Heap after GC invocations=2 (full 0):
 PSYoungGen      total 36864K, used 4865K [0x00000000d6d00000, 0x00000000db500000, 0x0000000100000000)
  eden space 31744K, 0% used [0x00000000d6d00000,0x00000000d6d00000,0x00000000d8c00000)
  from space 5120K, 95% used [0x00000000d9100000,0x00000000d95c06c8,0x00000000d9600000)
  to   space 5120K, 0% used [0x00000000d8c00000,0x00000000d8c00000,0x00000000d9100000)
 ParOldGen       total 84992K, used 43K [0x0000000084600000, 0x0000000089900000, 0x00000000d6d00000)
  object space 84992K, 0% used [0x0000000084600000,0x000000008460ac50,0x0000000089900000)
 Metaspace       used 12727K, capacity 12908K, committed 13184K, reserved 1060864K
  class space    used 1492K, capacity 1570K, committed 1664K, reserved 1048576K
}
Event: 6.817 GC heap before
{Heap before GC invocations=3 (full 0):
 PSYoungGen      total 36864K, used 36609K [0x00000000d6d00000, 0x00000000db500000, 0x0000000100000000)
  eden space 31744K, 100% used [0x00000000d6d00000,0x00000000d8c00000,0x00000000d8c00000)
  from space 5120K, 95% used [0x00000000d9100000,0x00000000d95c06c8,0x00000000d9600000)
  to   space 5120K, 0% used [0x00000000d8c00000,0x00000000d8c00000,0x00000000d9100000)
 ParOldGen       total 84992K, used 43K [0x0000000084600000, 0x0000000089900000, 0x00000000d6d00000)
  object space 84992K, 0% used [0x0000000084600000,0x000000008460ac50,0x0000000089900000)
 Metaspace       used 12731K, capacity 12908K, committed 13184K, reserved 1060864K
  class space    used 1492K, capacity 1570K, committed 1664K, reserved 1048576K
Event: 6.821 GC heap after
Heap after GC invocations=3 (full 0):
 PSYoungGen      total 36864K, used 4849K [0x00000000d6d00000, 0x00000000db500000, 0x0000000100000000)
  eden space 31744K, 0% used [0x00000000d6d00000,0x00000000d6d00000,0x00000000d8c00000)
  from space 5120K, 94% used [0x00000000d8c00000,0x00000000d90bc6d8,0x00000000d9100000)
  to   space 5120K, 0% used [0x00000000db000000,0x00000000db000000,0x00000000db500000)
 ParOldGen       total 84992K, used 51K [0x0000000084600000, 0x0000000089900000, 0x00000000d6d00000)
  object space 84992K, 0% used [0x0000000084600000,0x000000008460cc50,0x0000000089900000)
 Metaspace       used 12731K, capacity 12908K, committed 13184K, reserved 1060864K
  class space    used 1492K, capacity 1570K, committed 1664K, reserved 1048576K
}
Event: 6.896 GC heap before
{Heap before GC invocations=4 (full 0):
 PSYoungGen      total 36864K, used 36593K [0x00000000d6d00000, 0x00000000db500000, 0x0000000100000000)
  eden space 31744K, 100% used [0x00000000d6d00000,0x00000000d8c00000,0x00000000d8c00000)
  from space 5120K, 94% used [0x00000000d8c00000,0x00000000d90bc6d8,0x00000000d9100000)
  to   space 5120K, 0% used [0x00000000db000000,0x00000000db000000,0x00000000db500000)
 ParOldGen       total 84992K, used 51K [0x0000000084600000, 0x0000000089900000, 0x00000000d6d00000)
  object space 84992K, 0% used [0x0000000084600000,0x000000008460cc50,0x0000000089900000)
 Metaspace       used 12736K, capacity 12908K, committed 13184K, reserved 1060864K
  class space    used 1492K, capacity 1570K, committed 1664K, reserved 1048576K
Event: 6.900 GC heap after
Heap after GC invocations=4 (full 0):
 PSYoungGen      total 68608K, used 4897K [0x00000000d6d00000, 0x00000000db500000, 0x0000000100000000)
  eden space 63488K, 0% used [0x00000000d6d00000,0x00000000d6d00000,0x00000000dab00000)
  from space 5120K, 95% used [0x00000000db000000,0x00000000db4c86c8,0x00000000db500000)
  to   space 5120K, 0% used [0x00000000dab00000,0x00000000dab00000,0x00000000db000000)
 ParOldGen       total 84992K, used 59K [0x0000000084600000, 0x0000000089900000, 0x00000000d6d00000)
  object space 84992K, 0% used [0x0000000084600000,0x000000008460ec50,0x0000000089900000)
 Metaspace       used 12736K, capacity 12908K, committed 13184K, reserved 1060864K
  class space    used 1492K, capacity 1570K, committed 1664K, reserved 1048576K
}
Event: 7.052 GC heap before
{Heap before GC invocations=5 (full 0):
 PSYoungGen      total 68608K, used 68385K [0x00000000d6d00000, 0x00000000db500000, 0x0000000100000000)
  eden space 63488K, 100% used [0x00000000d6d00000,0x00000000dab00000,0x00000000dab00000)
  from space 5120K, 95% used [0x00000000db000000,0x00000000db4c86c8,0x00000000db500000)
  to   space 5120K, 0% used [0x00000000dab00000,0x00000000dab00000,0x00000000db000000)
 ParOldGen       total 84992K, used 59K [0x0000000084600000, 0x0000000089900000, 0x00000000d6d00000)
  object space 84992K, 0% used [0x0000000084600000,0x000000008460ec50,0x0000000089900000)
 Metaspace       used 12736K, capacity 12908K, committed 13184K, reserved 1060864K
  class space    used 1492K, capacity 1570K, committed 1664K, reserved 1048576K
Event: 7.065 GC heap after
Heap after GC invocations=5 (full 0):
 PSYoungGen      total 68608K, used 4835K [0x00000000d6d00000, 0x00000000df300000, 0x0000000100000000)
  eden space 63488K, 0% used [0x00000000d6d00000,0x00000000d6d00000,0x00000000dab00000)
  from space 5120K, 94% used [0x00000000dab00000,0x00000000dafb8f18,0x00000000db000000)
  to   space 5120K, 0% used [0x00000000dee00000,0x00000000dee00000,0x00000000df300000)
 ParOldGen       total 84992K, used 67K [0x0000000084600000, 0x0000000089900000, 0x00000000d6d00000)
  object space 84992K, 0% used [0x0000000084600000,0x0000000084610c50,0x0000000089900000)
 Metaspace       used 12736K, capacity 12908K, committed 13184K, reserved 1060864K
  class space    used 1492K, capacity 1570K, committed 1664K, reserved 1048576K
}
Event: 7.172 GC heap before
{Heap before GC invocations=6 (full 0):
 PSYoungGen      total 68608K, used 68323K [0x00000000d6d00000, 0x00000000df300000, 0x0000000100000000)
  eden space 63488K, 100% used [0x00000000d6d00000,0x00000000dab00000,0x00000000dab00000)
  from space 5120K, 94% used [0x00000000dab00000,0x00000000dafb8f18,0x00000000db000000)
  to   space 5120K, 0% used [0x00000000dee00000,0x00000000dee00000,0x00000000df300000)
 ParOldGen       total 84992K, used 67K [0x0000000084600000, 0x0000000089900000, 0x00000000d6d00000)
  object space 84992K, 0% used [0x0000000084600000,0x0000000084610c50,0x0000000089900000)
 Metaspace       used 12736K, capacity 12908K, committed 13184K, reserved 1060864K
  class space    used 1492K, capacity 1570K, committed 1664K, reserved 1048576K
Event: 7.175 GC heap after
Heap after GC invocations=6 (full 0):
 PSYoungGen      total 132096K, used 4835K [0x00000000d6d00000, 0x00000000df300000, 0x0000000100000000)
  eden space 126976K, 0% used [0x00000000d6d00000,0x00000000d6d00000,0x00000000de900000)
  from space 5120K, 94% used [0x00000000dee00000,0x00000000df2b8ef8,0x00000000df300000)
  to   space 5120K, 0% used [0x00000000de900000,0x00000000de900000,0x00000000dee00000)
 ParOldGen       total 84992K, used 67K [0x0000000084600000, 0x0000000089900000, 0x00000000d6d00000)
  object space 84992K, 0% used [0x0000000084600000,0x0000000084610c50,0x0000000089900000)
 Metaspace       used 12736K, capacity 12908K, committed 13184K, reserved 1060864K
  class space    used 1492K, capacity 1570K, committed 1664K, reserved 1048576K
}
Event: 7.419 GC heap before
{Heap before GC invocations=7 (full 0):
 PSYoungGen      total 132096K, used 131811K [0x00000000d6d00000, 0x00000000df300000, 0x0000000100000000)
  eden space 126976K, 100% used [0x00000000d6d00000,0x00000000de900000,0x00000000de900000)
  from space 5120K, 94% used [0x00000000dee00000,0x00000000df2b8ef8,0x00000000df300000)
  to   space 5120K, 0% used [0x00000000de900000,0x00000000de900000,0x00000000dee00000)
 ParOldGen       total 84992K, used 67K [0x0000000084600000, 0x0000000089900000, 0x00000000d6d00000)
  object space 84992K, 0% used [0x0000000084600000,0x0000000084610c50,0x0000000089900000)
 Metaspace       used 12736K, capacity 12908K, committed 13184K, reserved 1060864K
  class space    used 1492K, capacity 1570K, committed 1664K, reserved 1048576K

Deoptimization events (10 events):
Event: 6.730 Thread 0x00007f663c1bb800 Uncommon trap: reason=unstable_if action=reinterpret pc=0x00007f662d36f8a4 method=java.lang.StringCoding.encode(Ljava/nio/charset/Charset;[CII)[B @ 24
Event: 6.839 Thread 0x00007f663c1bb800 Uncommon trap: reason=unstable_if action=reinterpret pc=0x00007f662d3952d4 method=sun.nio.cs.UTF_8$Decoder.decodeArrayLoop(Ljava/nio/ByteBuffer;Ljava/nio/CharBuffer;)Ljava/nio/charset/CoderResult; @ 184
Event: 6.881 Thread 0x00007f663c1bb800 Uncommon trap: reason=unstable_if action=reinterpret pc=0x00007f662d3c0168 method=sun.nio.cs.UTF_8$Decoder.malformedN(Ljava/nio/ByteBuffer;I)Ljava/nio/charset/CoderResult; @ 102
Event: 6.881 Thread 0x00007f663c1bb800 Uncommon trap: reason=unstable_if action=reinterpret pc=0x00007f662d3bdc50 method=sun.nio.cs.UTF_8$Decoder.malformedN(Ljava/nio/ByteBuffer;I)Ljava/nio/charset/CoderResult; @ 102
Event: 6.881 Thread 0x00007f663c1bb800 Uncommon trap: reason=unstable_if action=reinterpret pc=0x00007f662d34574c method=sun.nio.cs.UTF_8$Decoder.malformedN(Ljava/nio/ByteBuffer;I)Ljava/nio/charset/CoderResult; @ 102
Event: 6.883 Thread 0x00007f663c1bb800 Uncommon trap: reason=unstable_if action=reinterpret pc=0x00007f662d3753d8 method=sun.nio.cs.UTF_8$Decoder.malformedN(Ljava/nio/ByteBuffer;I)Ljava/nio/charset/CoderResult; @ 102
Event: 7.285 Thread 0x00007f663c1bb800 Uncommon trap: reason=unstable_if action=reinterpret pc=0x00007f662d3aed84 method=java.lang.String.trim()Ljava/lang/String; @ 44
Event: 7.285 Thread 0x00007f663c1bb800 Uncommon trap: reason=unstable_if action=reinterpret pc=0x00007f662d36b2e4 method=java.lang.String.trim()Ljava/lang/String; @ 44
Event: 7.285 Thread 0x00007f663c1bb800 Uncommon trap: reason=unstable_if action=reinterpret pc=0x00007f662d3da4e0 method=sun.nio.cs.UTF_8$Decoder.malformedN(Ljava/nio/ByteBuffer;I)Ljava/nio/charset/CoderResult; @ 130
Event: 7.287 Thread 0x00007f663c1bb800 Uncommon trap: reason=unstable_if action=reinterpret pc=0x00007f662d3d56b0 method=sun.nio.cs.UTF_8$Decoder.malformedN(Ljava/nio/ByteBuffer;I)Ljava/nio/charset/CoderResult; @ 130

Internal exceptions (10 events):
Event: 0.084 Thread 0x00007f663c008800 Exception <a 'java/security/PrivilegedActionException'> (0x00000000d6d70d88) thrown at [/build/java8-openjdk/src/jdk8u-jdk8u40-b20/hotspot/src/share/vm/prims/jvm.cpp, line 1382]
Event: 0.084 Thread 0x00007f663c008800 Exception <a 'java/security/PrivilegedActionException'> (0x00000000d6d70f40) thrown at [/build/java8-openjdk/src/jdk8u-jdk8u40-b20/hotspot/src/share/vm/prims/jvm.cpp, line 1382]
Event: 0.084 Thread 0x00007f663c008800 Exception <a 'java/security/PrivilegedActionException'> (0x00000000d6d718e8) thrown at [/build/java8-openjdk/src/jdk8u-jdk8u40-b20/hotspot/src/share/vm/prims/jvm.cpp, line 1382]
Event: 0.084 Thread 0x00007f663c008800 Exception <a 'java/security/PrivilegedActionException'> (0x00000000d6d71aa0) thrown at [/build/java8-openjdk/src/jdk8u-jdk8u40-b20/hotspot/src/share/vm/prims/jvm.cpp, line 1382]
Event: 0.094 Thread 0x00007f663c008800 Exception <a 'java/io/FileNotFoundException'> (0x00000000d6d77818) thrown at [/build/java8-openjdk/src/jdk8u-jdk8u40-b20/hotspot/src/share/vm/prims/jni.cpp, line 709]
Event: 0.094 Thread 0x00007f663c008800 Exception <a 'java/io/FileNotFoundException'> (0x00000000d6d781e0) thrown at [/build/java8-openjdk/src/jdk8u-jdk8u40-b20/hotspot/src/share/vm/prims/jni.cpp, line 709]
Event: 0.108 Thread 0x00007f663c008800 Exception <a 'java/lang/ClassNotFoundException': sun/dc/DuctusRenderingEngine> (0x00000000d6d81958) thrown at [/build/java8-openjdk/src/jdk8u-jdk8u40-b20/hotspot/src/share/vm/classfile/systemDictionary.cpp, line 210]
Event: 0.180 Thread 0x00007f663c008800 Exception <a 'java/lang/NoSuchFieldError': method resolution failed> (0x00000000d6ff6708) thrown at [/build/java8-openjdk/src/jdk8u-jdk8u40-b20/hotspot/src/share/vm/prims/methodHandles.cpp, line 1125]
Event: 0.182 Thread 0x00007f663c008800 Exception <a 'java/lang/NoSuchFieldError': method resolution failed> (0x00000000d70050c8) thrown at [/build/java8-openjdk/src/jdk8u-jdk8u40-b20/hotspot/src/share/vm/prims/methodHandles.cpp, line 1125]
Event: 0.462 Thread 0x00007f663c1bb800 Exception <a 'java/lang/UnsupportedOperationException': > (0x00000000d73a3520) thrown at [/build/java8-openjdk/src/jdk8u-jdk8u40-b20/hotspot/src/share/vm/prims/jni.cpp, line 735]

Events (10 events):
Event: 7.285 Thread 0x00007f663c1bb800 DEOPT UNPACKING pc=0x00007f662d004f69 sp=0x00007f661ca979f8 mode 2
Event: 7.285 Thread 0x00007f663c1bb800 Uncommon trap: trap_request=0xffffff65 fr.pc=0x00007f662d3da4e0
Event: 7.285 Thread 0x00007f663c1bb800 DEOPT PACKING pc=0x00007f662d3da4e0 sp=0x00007f661ca97620
Event: 7.285 Thread 0x00007f663c1bb800 DEOPT UNPACKING pc=0x00007f662d004f69 sp=0x00007f661ca974a0 mode 2
Event: 7.287 Thread 0x00007f663c1bb800 Uncommon trap: trap_request=0xffffff65 fr.pc=0x00007f662d3d56b0
Event: 7.287 Thread 0x00007f663c1bb800 DEOPT PACKING pc=0x00007f662d3d56b0 sp=0x00007f661ca97610
Event: 7.287 Thread 0x00007f663c1bb800 DEOPT UNPACKING pc=0x00007f662d004f69 sp=0x00007f661ca974a0 mode 2
Event: 7.346 Thread 0x00007f663c1bb800 DEOPT PACKING pc=0x00007f662d3f09f9 sp=0x00007f661ca97990
Event: 7.346 Thread 0x00007f663c1bb800 DEOPT UNPACKING pc=0x00007f662d047373 sp=0x00007f661ca977f0 mode 0
Event: 7.419 Executing VM operation: ParallelGCFailedAllocation


Dynamic libraries:
00400000-00401000 r-xp 00000000 fe:01 308203                             /usr/lib/jvm/java-8-openjdk/jre/bin/java
00600000-00601000 rw-p 00000000 fe:01 308203                             /usr/lib/jvm/java-8-openjdk/jre/bin/java
01a50000-01a71000 rw-p 00000000 00:00 0                                  [heap]
84600000-89900000 rw-p 00000000 00:00 0 
89900000-d6d00000 ---p 00000000 00:00 0 
d6d00000-df300000 rw-p 00000000 00:00 0 
e7100000-100000000 ---p 00000000 00:00 0 
100000000-1001a0000 rw-p 00000000 00:00 0 
1001a0000-140000000 ---p 00000000 00:00 0 
7f65d8000000-7f65d8021000 rw-p 00000000 00:00 0 
7f65d8021000-7f65dc000000 ---p 00000000 00:00 0 
7f65e0000000-7f65e0021000 rw-p 00000000 00:00 0 
7f65e0021000-7f65e4000000 ---p 00000000 00:00 0 
7f65e4000000-7f65e4246000 rw-p 00000000 00:00 0 
7f65e4246000-7f65e8000000 ---p 00000000 00:00 0 
7f65e8000000-7f65e8021000 rw-p 00000000 00:00 0 
7f65e8021000-7f65ec000000 ---p 00000000 00:00 0 
7f65ec000000-7f65ec021000 rw-p 00000000 00:00 0 
7f65ec021000-7f65f0000000 ---p 00000000 00:00 0 
7f65f0000000-7f65f0021000 rw-p 00000000 00:00 0 
7f65f0021000-7f65f4000000 ---p 00000000 00:00 0 
7f65f4000000-7f65f4021000 rw-p 00000000 00:00 0 
7f65f4021000-7f65f8000000 ---p 00000000 00:00 0 
7f65f8000000-7f65f8ad4000 rw-p 00000000 00:00 0 
7f65f8ad4000-7f65fc000000 ---p 00000000 00:00 0 
7f65fc000000-7f65fc498000 rw-p 00000000 00:00 0 
7f65fc498000-7f6600000000 ---p 00000000 00:00 0 
7f6600000000-7f6600021000 rw-p 00000000 00:00 0 
7f6600021000-7f6604000000 ---p 00000000 00:00 0 
7f6604000000-7f6604b46000 rw-p 00000000 00:00 0 
7f6604b46000-7f6608000000 ---p 00000000 00:00 0 
7f6608000000-7f6608021000 rw-p 00000000 00:00 0 
7f6608021000-7f660c000000 ---p 00000000 00:00 0 
7f660c000000-7f660c021000 rw-p 00000000 00:00 0 
7f660c021000-7f6610000000 ---p 00000000 00:00 0 
7f6610000000-7f6610021000 rw-p 00000000 00:00 0 
7f6610021000-7f6614000000 ---p 00000000 00:00 0 
7f6614000000-7f6614021000 rw-p 00000000 00:00 0 
7f6614021000-7f6618000000 ---p 00000000 00:00 0 
7f6618000000-7f6618021000 rw-p 00000000 00:00 0 
7f6618021000-7f661c000000 ---p 00000000 00:00 0 
7f661c070000-7f661c1b0000 rw-p 00000000 00:00 0 
7f661c1b0000-7f661c270000 ---p 00000000 00:00 0 
7f661c270000-7f661c273000 ---p 00000000 00:00 0 
7f661c273000-7f661c571000 rw-p 00000000 00:00 0                          [stack:19597]
7f661c571000-7f661c582000 r-xp 00000000 fe:01 406867                     /usr/lib/jvm/java-8-openjdk/jre/lib/amd64/libnio.so
7f661c582000-7f661c781000 ---p 00011000 fe:01 406867                     /usr/lib/jvm/java-8-openjdk/jre/lib/amd64/libnio.so
7f661c781000-7f661c782000 rw-p 00010000 fe:01 406867                     /usr/lib/jvm/java-8-openjdk/jre/lib/amd64/libnio.so
7f661c782000-7f661c798000 r-xp 00000000 fe:01 399015                     /usr/lib/jvm/java-8-openjdk/jre/lib/amd64/libnet.so
7f661c798000-7f661c998000 ---p 00016000 fe:01 399015                     /usr/lib/jvm/java-8-openjdk/jre/lib/amd64/libnet.so
7f661c998000-7f661c999000 rw-p 00016000 fe:01 399015                     /usr/lib/jvm/java-8-openjdk/jre/lib/amd64/libnet.so
7f661c999000-7f661c99c000 ---p 00000000 00:00 0 
7f661c99c000-7f661ca9a000 rw-p 00000000 00:00 0                          [stack:19596]
7f661ca9a000-7f661ca9d000 ---p 00000000 00:00 0 
7f661ca9d000-7f661cb9b000 rw-p 00000000 00:00 0                          [stack:19595]
7f661cb9b000-7f661cb9e000 ---p 00000000 00:00 0 
7f661cb9e000-7f661cc9c000 rw-p 00000000 00:00 0                          [stack:19594]
7f661cc9c000-7f661cca1000 r-xp 00000000 fe:01 1212855                    /usr/lib/libXfixes.so.3.1.0
7f661cca1000-7f661cea0000 ---p 00005000 fe:01 1212855                    /usr/lib/libXfixes.so.3.1.0
7f661cea0000-7f661cea1000 r--p 00004000 fe:01 1212855                    /usr/lib/libXfixes.so.3.1.0
7f661cea1000-7f661cea2000 rw-p 00005000 fe:01 1212855                    /usr/lib/libXfixes.so.3.1.0
7f661cea2000-7f661ceac000 r-xp 00000000 fe:01 1212892                    /usr/lib/libXcursor.so.1.0.2
7f661ceac000-7f661d0ab000 ---p 0000a000 fe:01 1212892                    /usr/lib/libXcursor.so.1.0.2
7f661d0ab000-7f661d0ac000 r--p 00009000 fe:01 1212892                    /usr/lib/libXcursor.so.1.0.2
7f661d0ac000-7f661d0ad000 rw-p 0000a000 fe:01 1212892                    /usr/lib/libXcursor.so.1.0.2
7f661d0ad000-7f661d0b0000 ---p 00000000 00:00 0 
7f661d0b0000-7f661d1ae000 rw-p 00000000 00:00 0                          [stack:19593]
7f661d1ae000-7f661d21c000 r-xp 00000000 fe:01 1190586                    /usr/lib/libpcre.so.1.2.4
7f661d21c000-7f661d41b000 ---p 0006e000 fe:01 1190586                    /usr/lib/libpcre.so.1.2.4
7f661d41b000-7f661d41c000 r--p 0006d000 fe:01 1190586                    /usr/lib/libpcre.so.1.2.4
7f661d41c000-7f661d41d000 rw-p 0006e000 fe:01 1190586                    /usr/lib/libpcre.so.1.2.4
7f661d41d000-7f661d439000 r-xp 00000000 fe:01 1201533                    /usr/lib/libgraphite2.so.3.0.1
7f661d439000-7f661d638000 ---p 0001c000 fe:01 1201533                    /usr/lib/libgraphite2.so.3.0.1
7f661d638000-7f661d63a000 r--p 0001b000 fe:01 1201533                    /usr/lib/libgraphite2.so.3.0.1
7f661d63a000-7f661d63b000 rw-p 0001d000 fe:01 1201533                    /usr/lib/libgraphite2.so.3.0.1
7f661d63b000-7f661d747000 r-xp 00000000 fe:01 1190812                    /usr/lib/libglib-2.0.so.0.4400.0
7f661d747000-7f661d946000 ---p 0010c000 fe:01 1190812                    /usr/lib/libglib-2.0.so.0.4400.0
7f661d946000-7f661d947000 r--p 0010b000 fe:01 1190812                    /usr/lib/libglib-2.0.so.0.4400.0
7f661d947000-7f661d948000 rw-p 0010c000 fe:01 1190812                    /usr/lib/libglib-2.0.so.0.4400.0
7f661d948000-7f661d949000 rw-p 00000000 00:00 0 
7f661d949000-7f661d9a3000 r-xp 00000000 fe:01 1201552                    /usr/lib/libharfbuzz.so.0.940.0
7f661d9a3000-7f661dba2000 ---p 0005a000 fe:01 1201552                    /usr/lib/libharfbuzz.so.0.940.0
7f661dba2000-7f661dba5000 r--p 00059000 fe:01 1201552                    /usr/lib/libharfbuzz.so.0.940.0
7f661dba5000-7f661dba6000 rw-p 0005c000 fe:01 1201552                    /usr/lib/libharfbuzz.so.0.940.0
7f661dba6000-7f661dbdb000 r-xp 00000000 fe:01 1201511                    /usr/lib/libpng16.so.16.16.0
7f661dbdb000-7f661ddda000 ---p 00035000 fe:01 1201511                    /usr/lib/libpng16.so.16.16.0
7f661ddda000-7f661dddb000 r--p 00034000 fe:01 1201511                    /usr/lib/libpng16.so.16.16.0
7f661dddb000-7f661dddc000 rw-p 00035000 fe:01 1201511                    /usr/lib/libpng16.so.16.16.0
7f661dddc000-7f661ddeb000 r-xp 00000000 fe:01 1185965                    /usr/lib/libbz2.so.1.0.6
7f661ddeb000-7f661dfea000 ---p 0000f000 fe:01 1185965                    /usr/lib/libbz2.so.1.0.6
7f661dfea000-7f661dfec000 rw-p 0000e000 fe:01 1185965                    /usr/lib/libbz2.so.1.0.6
7f661dfec000-7f661e002000 r-xp 00000000 fe:01 1186229                    /usr/lib/libgcc_s.so.1
7f661e002000-7f661e201000 ---p 00016000 fe:01 1186229                    /usr/lib/libgcc_s.so.1
7f661e201000-7f661e202000 rw-p 00015000 fe:01 1186229                    /usr/lib/libgcc_s.so.1
7f661e202000-7f661e2b8000 r-xp 00000000 fe:01 1204433                    /usr/lib/libfreetype.so.6.11.4
7f661e2b8000-7f661e4b8000 ---p 000b6000 fe:01 1204433                    /usr/lib/libfreetype.so.6.11.4
7f661e4b8000-7f661e4be000 r--p 000b6000 fe:01 1204433                    /usr/lib/libfreetype.so.6.11.4
7f661e4be000-7f661e4bf000 rw-p 000bc000 fe:01 1204433                    /usr/lib/libfreetype.so.6.11.4
7f661e4bf000-7f661e520000 r-xp 00000000 fe:01 406874                     /usr/lib/jvm/java-8-openjdk/jre/lib/amd64/libfontmanager.so
7f661e520000-7f661e71f000 ---p 00061000 fe:01 406874                     /usr/lib/jvm/java-8-openjdk/jre/lib/amd64/libfontmanager.so
7f661e71f000-7f661e723000 rw-p 00060000 fe:01 406874                     /usr/lib/jvm/java-8-openjdk/jre/lib/amd64/libfontmanager.so
7f661e723000-7f661e736000 rw-p 00000000 00:00 0 
7f661e736000-7f661e73b000 r-xp 00000000 fe:01 1201366                    /usr/lib/libXdmcp.so.6.0.0
7f661e73b000-7f661e93a000 ---p 00005000 fe:01 1201366                    /usr/lib/libXdmcp.so.6.0.0
7f661e93a000-7f661e93b000 r--p 00004000 fe:01 1201366                    /usr/lib/libXdmcp.so.6.0.0
7f661e93b000-7f661e93c000 rw-p 00005000 fe:01 1201366                    /usr/lib/libXdmcp.so.6.0.0
7f661e93c000-7f661e93e000 r-xp 00000000 fe:01 1204545                    /usr/lib/libXau.so.6.0.0
7f661e93e000-7f661eb3e000 ---p 00002000 fe:01 1204545                    /usr/lib/libXau.so.6.0.0
7f661eb3e000-7f661eb3f000 r--p 00002000 fe:01 1204545                    /usr/lib/libXau.so.6.0.0
7f661eb3f000-7f661eb40000 rw-p 00003000 fe:01 1204545                    /usr/lib/libXau.so.6.0.0
7f661eb40000-7f661eb61000 r-xp 00000000 fe:01 1209887                    /usr/lib/libxcb.so.1.1.0
7f661eb61000-7f661ed60000 ---p 00021000 fe:01 1209887                    /usr/lib/libxcb.so.1.1.0
7f661ed60000-7f661ed61000 r--p 00020000 fe:01 1209887                    /usr/lib/libxcb.so.1.1.0
7f661ed61000-7f661ed62000 rw-p 00021000 fe:01 1209887                    /usr/lib/libxcb.so.1.1.0
7f661ed62000-7f661ed71000 r-xp 00000000 fe:01 1212746                    /usr/lib/libXi.so.6.1.0
7f661ed71000-7f661ef71000 ---p 0000f000 fe:01 1212746                    /usr/lib/libXi.so.6.1.0
7f661ef71000-7f661ef72000 r--p 0000f000 fe:01 1212746                    /usr/lib/libXi.so.6.1.0
7f661ef72000-7f661ef73000 rw-p 00010000 fe:01 1212746                    /usr/lib/libXi.so.6.1.0
7f661ef73000-7f661ef78000 r-xp 00000000 fe:01 1214074                    /usr/lib/libXtst.so.6.1.0
7f661ef78000-7f661f177000 ---p 00005000 fe:01 1214074                    /usr/lib/libXtst.so.6.1.0
7f661f177000-7f661f178000 r--p 00004000 fe:01 1214074                    /usr/lib/libXtst.so.6.1.0
7f661f178000-7f661f179000 rw-p 00005000 fe:01 1214074                    /usr/lib/libXtst.so.6.1.0
7f661f179000-7f661f182000 r-xp 00000000 fe:01 1212764                    /usr/lib/libXrender.so.1.3.0
7f661f182000-7f661f381000 ---p 00009000 fe:01 1212764                    /usr/lib/libXrender.so.1.3.0
7f661f381000-7f661f382000 r--p 00008000 fe:01 1212764                    /usr/lib/libXrender.so.1.3.0
7f661f382000-7f661f383000 rw-p 00009000 fe:01 1212764                    /usr/lib/libXrender.so.1.3.0
7f661f383000-7f661f4be000 r-xp 00000000 fe:01 1210010                    /usr/lib/libX11.so.6.3.0
7f661f4be000-7f661f6bd000 ---p 0013b000 fe:01 1210010                    /usr/lib/libX11.so.6.3.0
7f661f6bd000-7f661f6bf000 r--p 0013a000 fe:01 1210010                    /usr/lib/libX11.so.6.3.0
7f661f6bf000-7f661f6c4000 rw-p 0013c000 fe:01 1210010                    /usr/lib/libX11.so.6.3.0
7f661f6c4000-7f661f6c5000 rw-p 00000000 00:00 0 
7f661f6c5000-7f661f6d6000 r-xp 00000000 fe:01 1212227                    /usr/lib/libXext.so.6.4.0
7f661f6d6000-7f661f8d5000 ---p 00011000 fe:01 1212227                    /usr/lib/libXext.so.6.4.0
7f661f8d5000-7f661f8d6000 r--p 00010000 fe:01 1212227                    /usr/lib/libXext.so.6.4.0
7f661f8d6000-7f661f8d7000 rw-p 00011000 fe:01 1212227                    /usr/lib/libXext.so.6.4.0
7f661f8d7000-7f661f92a000 r-xp 00000000 fe:01 406872                     /usr/lib/jvm/java-8-openjdk/jre/lib/amd64/libawt_xawt.so
7f661f92a000-7f661fb29000 ---p 00053000 fe:01 406872                     /usr/lib/jvm/java-8-openjdk/jre/lib/amd64/libawt_xawt.so
7f661fb29000-7f661fb2d000 rw-p 00052000 fe:01 406872                     /usr/lib/jvm/java-8-openjdk/jre/lib/amd64/libawt_xawt.so
7f661fb2d000-7f661fb2e000 rw-p 00000000 00:00 0 
7f661fb2e000-7f661fbce000 r-xp 00000000 fe:01 406869                     /usr/lib/jvm/java-8-openjdk/jre/lib/amd64/libawt.so
7f661fbce000-7f661fdce000 ---p 000a0000 fe:01 406869                     /usr/lib/jvm/java-8-openjdk/jre/lib/amd64/libawt.so
7f661fdce000-7f661fdda000 rw-p 000a0000 fe:01 406869                     /usr/lib/jvm/java-8-openjdk/jre/lib/amd64/libawt.so
7f661fdda000-7f661fdfe000 rw-p 00000000 00:00 0 
7f661fdfe000-7f661fdff000 ---p 00000000 00:00 0 
7f661fdff000-7f661feff000 rw-p 00000000 00:00 0                          [stack:19592]
7f661feff000-7f661ff02000 ---p 00000000 00:00 0 
7f661ff02000-7f6620000000 rw-p 00000000 00:00 0                          [stack:19591]
7f6620000000-7f6620021000 rw-p 00000000 00:00 0 
7f6620021000-7f6624000000 ---p 00000000 00:00 0 
7f662402e000-7f6624031000 ---p 00000000 00:00 0 
7f6624031000-7f662412f000 rw-p 00000000 00:00 0                          [stack:19590]
7f662412f000-7f6624132000 ---p 00000000 00:00 0 
7f6624132000-7f6628000000 rw-p 00000000 00:00 0                          [stack:19589]
7f6628000000-7f6628021000 rw-p 00000000 00:00 0 
7f6628021000-7f662c000000 ---p 00000000 00:00 0 
7f662c02d000-7f662c030000 ---p 00000000 00:00 0 
7f662c030000-7f662c12e000 rw-p 00000000 00:00 0                          [stack:19588]
7f662c12e000-7f662c131000 ---p 00000000 00:00 0 
7f662c131000-7f662c22f000 rw-p 00000000 00:00 0                          [stack:19587]
7f662c22f000-7f662c3f4000 r--p 00000000 fe:01 1228211                    /usr/lib/locale/locale-archive
7f662c3f4000-7f662c3f7000 ---p 00000000 00:00 0 
7f662c3f7000-7f662c4f5000 rw-p 00000000 00:00 0                          [stack:19586]
7f662c4f5000-7f662c4f8000 ---p 00000000 00:00 0 
7f662c4f8000-7f662c5f6000 rw-p 00000000 00:00 0                          [stack:19585]
7f662c5f6000-7f662c5f7000 ---p 00000000 00:00 0 
7f662c5f7000-7f662d000000 rw-p 00000000 00:00 0                          [stack:19584]
7f662d000000-7f662d400000 rwxp 00000000 00:00 0 
7f662d400000-7f663c000000 ---p 00000000 00:00 0 
7f663c000000-7f663c1d6000 rw-p 00000000 00:00 0 
7f663c1d6000-7f6640000000 ---p 00000000 00:00 0 
7f6640041000-7f6640749000 rw-p 00000000 00:00 0 
7f6640749000-7f6640917000 r--s 03bd2000 fe:01 272871                     /usr/lib/jvm/java-8-openjdk/jre/lib/rt.jar
7f6640917000-7f664156a000 rw-p 00000000 00:00 0 
7f664156a000-7f664156b000 ---p 00000000 00:00 0 
7f664156b000-7f664166b000 rw-p 00000000 00:00 0                          [stack:19582]
7f664166b000-7f664166c000 ---p 00000000 00:00 0 
7f664166c000-7f664176c000 rw-p 00000000 00:00 0                          [stack:19581]
7f664176c000-7f664176d000 ---p 00000000 00:00 0 
7f664176d000-7f664186d000 rw-p 00000000 00:00 0                          [stack:19580]
7f664186d000-7f664186e000 ---p 00000000 00:00 0 
7f664186e000-7f6641998000 rw-p 00000000 00:00 0                          [stack:19579]
7f6641998000-7f6641c02000 ---p 00000000 00:00 0 
7f6641c02000-7f6641c2c000 rw-p 00000000 00:00 0 
7f6641c2c000-7f6641e95000 ---p 00000000 00:00 0 
7f6641e95000-7f6641ed9000 rw-p 00000000 00:00 0 
7f6641ed9000-7f6641fdf000 ---p 00000000 00:00 0 
7f6641fdf000-7f6641ff0000 rw-p 00000000 00:00 0 
7f6641ff0000-7f66423a0000 ---p 00000000 00:00 0 
7f66423a0000-7f66423a8000 r-xp 00000000 fe:01 399013                     /usr/lib/jvm/java-8-openjdk/jre/lib/amd64/libzip.so
7f66423a8000-7f66425a7000 ---p 00008000 fe:01 399013                     /usr/lib/jvm/java-8-openjdk/jre/lib/amd64/libzip.so
7f66425a7000-7f66425a8000 rw-p 00007000 fe:01 399013                     /usr/lib/jvm/java-8-openjdk/jre/lib/amd64/libzip.so
7f66425a8000-7f66425b3000 r-xp 00000000 fe:01 1182859                    /usr/lib/libnss_files-2.21.so
7f66425b3000-7f66427b3000 ---p 0000b000 fe:01 1182859                    /usr/lib/libnss_files-2.21.so
7f66427b3000-7f66427b4000 r--p 0000b000 fe:01 1182859                    /usr/lib/libnss_files-2.21.so
7f66427b4000-7f66427b5000 rw-p 0000c000 fe:01 1182859                    /usr/lib/libnss_files-2.21.so
7f66427b5000-7f66427e2000 r-xp 00000000 fe:01 399012                     /usr/lib/jvm/java-8-openjdk/jre/lib/amd64/libjava.so
7f66427e2000-7f66429e2000 ---p 0002d000 fe:01 399012                     /usr/lib/jvm/java-8-openjdk/jre/lib/amd64/libjava.so
7f66429e2000-7f66429e4000 rw-p 0002d000 fe:01 399012                     /usr/lib/jvm/java-8-openjdk/jre/lib/amd64/libjava.so
7f66429e4000-7f66429f1000 r-xp 00000000 fe:01 398997                     /usr/lib/jvm/java-8-openjdk/jre/lib/amd64/libverify.so
7f66429f1000-7f6642bf0000 ---p 0000d000 fe:01 398997                     /usr/lib/jvm/java-8-openjdk/jre/lib/amd64/libverify.so
7f6642bf0000-7f6642bf2000 rw-p 0000c000 fe:01 398997                     /usr/lib/jvm/java-8-openjdk/jre/lib/amd64/libverify.so
7f6642bf2000-7f6642bf9000 r-xp 00000000 fe:01 1182952                    /usr/lib/librt-2.21.so
7f6642bf9000-7f6642df8000 ---p 00007000 fe:01 1182952                    /usr/lib/librt-2.21.so
7f6642df8000-7f6642df9000 r--p 00006000 fe:01 1182952                    /usr/lib/librt-2.21.so
7f6642df9000-7f6642dfa000 rw-p 00007000 fe:01 1182952                    /usr/lib/librt-2.21.so
7f6642dfa000-7f6642efd000 r-xp 00000000 fe:01 1182993                    /usr/lib/libm-2.21.so
7f6642efd000-7f66430fd000 ---p 00103000 fe:01 1182993                    /usr/lib/libm-2.21.so
7f66430fd000-7f66430fe000 r--p 00103000 fe:01 1182993                    /usr/lib/libm-2.21.so
7f66430fe000-7f66430ff000 rw-p 00104000 fe:01 1182993                    /usr/lib/libm-2.21.so
7f66430ff000-7f6643d9e000 r-xp 00000000 fe:01 555293                     /usr/lib/jvm/java-8-openjdk/jre/lib/amd64/server/libjvm.so
7f6643d9e000-7f6643f9e000 ---p 00c9f000 fe:01 555293                     /usr/lib/jvm/java-8-openjdk/jre/lib/amd64/server/libjvm.so
7f6643f9e000-7f664406a000 rw-p 00c9f000 fe:01 555293                     /usr/lib/jvm/java-8-openjdk/jre/lib/amd64/server/libjvm.so
7f664406a000-7f66440ab000 rw-p 00000000 00:00 0 
7f66440ab000-7f6644244000 r-xp 00000000 fe:01 1182907                    /usr/lib/libc-2.21.so
7f6644244000-7f6644444000 ---p 00199000 fe:01 1182907                    /usr/lib/libc-2.21.so
7f6644444000-7f6644448000 r--p 00199000 fe:01 1182907                    /usr/lib/libc-2.21.so
7f6644448000-7f664444a000 rw-p 0019d000 fe:01 1182907                    /usr/lib/libc-2.21.so
7f664444a000-7f664444e000 rw-p 00000000 00:00 0 
7f664444e000-7f6644450000 r-xp 00000000 fe:01 1182968                    /usr/lib/libdl-2.21.so
7f6644450000-7f6644650000 ---p 00002000 fe:01 1182968                    /usr/lib/libdl-2.21.so
7f6644650000-7f6644651000 r--p 00002000 fe:01 1182968                    /usr/lib/libdl-2.21.so
7f6644651000-7f6644652000 rw-p 00003000 fe:01 1182968                    /usr/lib/libdl-2.21.so
7f6644652000-7f664465f000 r-xp 00000000 fe:01 555290                     /usr/lib/jvm/java-8-openjdk/jre/lib/amd64/jli/libjli.so
7f664465f000-7f664485f000 ---p 0000d000 fe:01 555290                     /usr/lib/jvm/java-8-openjdk/jre/lib/amd64/jli/libjli.so
7f664485f000-7f6644860000 rw-p 0000d000 fe:01 555290                     /usr/lib/jvm/java-8-openjdk/jre/lib/amd64/jli/libjli.so
7f6644860000-7f6644875000 r-xp 00000000 fe:01 1185973                    /usr/lib/libz.so.1.2.8
7f6644875000-7f6644a74000 ---p 00015000 fe:01 1185973                    /usr/lib/libz.so.1.2.8
7f6644a74000-7f6644a75000 r--p 00014000 fe:01 1185973                    /usr/lib/libz.so.1.2.8
7f6644a75000-7f6644a76000 rw-p 00015000 fe:01 1185973                    /usr/lib/libz.so.1.2.8
7f6644a76000-7f6644a8e000 r-xp 00000000 fe:01 1182951                    /usr/lib/libpthread-2.21.so
7f6644a8e000-7f6644c8d000 ---p 00018000 fe:01 1182951                    /usr/lib/libpthread-2.21.so
7f6644c8d000-7f6644c8e000 r--p 00017000 fe:01 1182951                    /usr/lib/libpthread-2.21.so
7f6644c8e000-7f6644c8f000 rw-p 00018000 fe:01 1182951                    /usr/lib/libpthread-2.21.so
7f6644c8f000-7f6644c93000 rw-p 00000000 00:00 0 
7f6644c93000-7f6644cb5000 r-xp 00000000 fe:01 1182985                    /usr/lib/ld-2.21.so
7f6644cbd000-7f6644cc2000 r--s 00093000 fe:01 272868                     /usr/lib/jvm/java-8-openjdk/jre/lib/jsse.jar
7f6644cc2000-7f6644cd5000 r--s 00345000 fe:01 272869                     /usr/lib/jvm/java-8-openjdk/jre/lib/resources.jar
7f6644cd5000-7f6644d79000 rw-p 00000000 00:00 0 
7f6644d79000-7f6644d7c000 ---p 00000000 00:00 0 
7f6644d7c000-7f6644e7e000 rw-p 00000000 00:00 0                          [stack:19578]
7f6644e81000-7f6644ea9000 rw-p 00000000 00:00 0 
7f6644ea9000-7f6644eb1000 rw-s 00000000 00:1e 4022019                    /tmp/hsperfdata_matthias/19571
7f6644eb1000-7f6644eb2000 rw-p 00000000 00:00 0 
7f6644eb2000-7f6644eb3000 ---p 00000000 00:00 0 
7f6644eb3000-7f6644eb4000 rw-p 00000000 00:00 0 
7f6644eb4000-7f6644eb5000 r--p 00021000 fe:01 1182985                    /usr/lib/ld-2.21.so
7f6644eb5000-7f6644eb6000 rw-p 00022000 fe:01 1182985                    /usr/lib/ld-2.21.so
7f6644eb6000-7f6644eb7000 rw-p 00000000 00:00 0 
7ffce1a1d000-7ffce1a3e000 rw-p 00000000 00:00 0                          [stack]
7ffce1ac6000-7ffce1ac8000 r-xp 00000000 00:00 0                          [vdso]
ffffffffff600000-ffffffffff601000 r-xp 00000000 00:00 0                  [vsyscall]

VM Arguments:
jvm_args: -Dfile.encoding=UTF-8 
java_command: boomerang_detective.Test
java_class_path (initial): /home/matthias/Desktop/boomerang_detective/bin
Launcher Type: SUN_STANDARD

Environment Variables:
PATH=/usr/local/sbin:/usr/local/bin:/usr/bin:/opt/android-sdk/build-tools/18.0.1/:/opt/android-sdk/platform-tools:/opt/android-sdk/tools:/usr/lib/jvm/default/bin:/usr/bin/site_perl:/usr/bin/vendor_perl:/usr/bin/core_perl:~/home/matthias/Workbench/scripts
SHELL=/bin/bash
DISPLAY=:0.0

Signal Handlers:
SIGSEGV: [libjvm.so+0xa8f160], sa_mask[0]=11111111011111111101111111111110, sa_flags=SA_RESTART|SA_SIGINFO
SIGBUS: [libjvm.so+0xa8f160], sa_mask[0]=11111111011111111101111111111110, sa_flags=SA_RESTART|SA_SIGINFO
SIGFPE: [libjvm.so+0x8daa30], sa_mask[0]=11111111011111111101111111111110, sa_flags=SA_RESTART|SA_SIGINFO
SIGPIPE: [libjvm.so+0x8daa30], sa_mask[0]=11111111011111111101111111111110, sa_flags=SA_RESTART|SA_SIGINFO
SIGXFSZ: [libjvm.so+0x8daa30], sa_mask[0]=11111111011111111101111111111110, sa_flags=SA_RESTART|SA_SIGINFO
SIGILL: [libjvm.so+0x8daa30], sa_mask[0]=11111111011111111101111111111110, sa_flags=SA_RESTART|SA_SIGINFO
SIGUSR1: SIG_DFL, sa_mask[0]=00000000000000000000000000000000, sa_flags=none
SIGUSR2: [libjvm.so+0x8da8e0], sa_mask[0]=00100000000000000000000000000000, sa_flags=SA_RESTART|SA_SIGINFO
SIGHUP: [libjvm.so+0x8dab00], sa_mask[0]=11111111011111111101111111111110, sa_flags=SA_RESTART|SA_SIGINFO
SIGINT: [libjvm.so+0x8dab00], sa_mask[0]=11111111011111111101111111111110, sa_flags=SA_RESTART|SA_SIGINFO
SIGTERM: [libjvm.so+0x8dab00], sa_mask[0]=11111111011111111101111111111110, sa_flags=SA_RESTART|SA_SIGINFO
SIGQUIT: [libjvm.so+0x8dab00], sa_mask[0]=11111111011111111101111111111110, sa_flags=SA_RESTART|SA_SIGINFO


---------------  S Y S T E M  ---------------

OS:NAME="Arch Linux"
ID=arch
PRETTY_NAME="Arch Linux"
ANSI_COLOR="0;36"
HOME_URL="https://www.archlinux.org/"
SUPPORT_URL="https://bbs.archlinux.org/"
BUG_REPORT_URL="https://bugs.archlinux.org/"


uname:Linux 3.14.38-1-lts #1 SMP Mon Apr 13 16:38:06 CEST 2015 x86_64
libc:glibc 2.21 NPTL 2.21 
rlimit: STACK 8192k, CORE 0k, NPROC 61661, NOFILE 4096, AS infinity
load average:0.45 0.34 0.32

/proc/meminfo:
MemTotal:        8094216 kB
MemFree:          120460 kB
MemAvailable:      81144 kB
Buffers:             892 kB
Cached:           461136 kB
SwapCached:            0 kB
Active:          7357104 kB
Inactive:         417840 kB
Active(anon):    7323912 kB
Inactive(anon):   384012 kB
Active(file):      33192 kB
Inactive(file):    33828 kB
Unevictable:           0 kB
Mlocked:               0 kB
SwapTotal:             0 kB
SwapFree:              0 kB
Dirty:               488 kB
Writeback:             0 kB
AnonPages:       7313468 kB
Mapped:           335188 kB
Shmem:            394592 kB
Slab:              54096 kB
SReclaimable:      23284 kB
SUnreclaim:        30812 kB
KernelStack:        5048 kB
PageTables:        44192 kB
NFS_Unstable:          0 kB
Bounce:                0 kB
WritebackTmp:          0 kB
CommitLimit:     4047108 kB
Committed_AS:   12985928 kB
VmallocTotal:   34359738367 kB
VmallocUsed:      378744 kB
VmallocChunk:   34359309660 kB
HardwareCorrupted:     0 kB
AnonHugePages:   4007936 kB
HugePages_Total:       0
HugePages_Free:        0
HugePages_Rsvd:        0
HugePages_Surp:        0
Hugepagesize:       2048 kB
DirectMap4k:       13328 kB
DirectMap2M:     1996800 kB
DirectMap1G:     6291456 kB


CPU:total 4 (2 cores per cpu, 2 threads per core) family 6 model 69 stepping 1, cmov, cx8, fxsr, mmx, sse, sse2, sse3, ssse3, sse4.1, sse4.2, popcnt, avx, avx2, aes, clmul, erms, lzcnt, ht, tsc, tscinvbit, bmi1, bmi2

/proc/cpuinfo:
processor	: 0
vendor_id	: GenuineIntel
cpu family	: 6
model		: 69
model name	: Intel(R) Core(TM) i7-4500U CPU @ 1.80GHz
stepping	: 1
microcode	: 0x17
cpu MHz		: 2699.906
cache size	: 4096 KB
physical id	: 0
siblings	: 4
core id		: 0
cpu cores	: 2
apicid		: 0
initial apicid	: 0
fpu		: yes
fpu_exception	: yes
cpuid level	: 13
wp		: yes
flags		: fpu vme de pse tsc msr pae mce cx8 apic sep mtrr pge mca cmov pat pse36 clflush dts acpi mmx fxsr sse sse2 ss ht tm pbe syscall nx pdpe1gb rdtscp lm constant_tsc arch_perfmon pebs bts rep_good nopl xtopology nonstop_tsc aperfmperf eagerfpu pni pclmulqdq dtes64 monitor ds_cpl vmx est tm2 ssse3 fma cx16 xtpr pdcm pcid sse4_1 sse4_2 movbe popcnt tsc_deadline_timer aes xsave avx f16c rdrand lahf_lm abm ida arat epb xsaveopt pln pts dtherm tpr_shadow vnmi flexpriority ept vpid fsgsbase tsc_adjust bmi1 avx2 smep bmi2 erms invpcid
bogomips	: 4788.97
clflush size	: 64
cache_alignment	: 64
address sizes	: 39 bits physical, 48 bits virtual
power management:

processor	: 1
vendor_id	: GenuineIntel
cpu family	: 6
model		: 69
model name	: Intel(R) Core(TM) i7-4500U CPU @ 1.80GHz
stepping	: 1
microcode	: 0x17
cpu MHz		: 2736.000
cache size	: 4096 KB
physical id	: 0
siblings	: 4
core id		: 1
cpu cores	: 2
apicid		: 2
initial apicid	: 2
fpu		: yes
fpu_exception	: yes
cpuid level	: 13
wp		: yes
flags		: fpu vme de pse tsc msr pae mce cx8 apic sep mtrr pge mca cmov pat pse36 clflush dts acpi mmx fxsr sse sse2 ss ht tm pbe syscall nx pdpe1gb rdtscp lm constant_tsc arch_perfmon pebs bts rep_good nopl xtopology nonstop_tsc aperfmperf eagerfpu pni pclmulqdq dtes64 monitor ds_cpl vmx est tm2 ssse3 fma cx16 xtpr pdcm pcid sse4_1 sse4_2 movbe popcnt tsc_deadline_timer aes xsave avx f16c rdrand lahf_lm abm ida arat epb xsaveopt pln pts dtherm tpr_shadow vnmi flexpriority ept vpid fsgsbase tsc_adjust bmi1 avx2 smep bmi2 erms invpcid
bogomips	: 4788.97
clflush size	: 64
cache_alignment	: 64
address sizes	: 39 bits physical, 48 bits virtual
power management:

processor	: 2
vendor_id	: GenuineIntel
cpu family	: 6
model		: 69
model name	: Intel(R) Core(TM) i7-4500U CPU @ 1.80GHz
stepping	: 1
microcode	: 0x17
cpu MHz		: 2700.000
cache size	: 4096 KB
physical id	: 0
siblings	: 4
core id		: 0
cpu cores	: 2
apicid		: 1
initial apicid	: 1
fpu		: yes
fpu_exception	: yes
cpuid level	: 13
wp		: yes
flags		: fpu vme de pse tsc msr pae mce cx8 apic sep mtrr pge mca cmov pat pse36 clflush dts acpi mmx fxsr sse sse2 ss ht tm pbe syscall nx pdpe1gb rdtscp lm constant_tsc arch_perfmon pebs bts rep_good nopl xtopology nonstop_tsc aperfmperf eagerfpu pni pclmulqdq dtes64 monitor ds_cpl vmx est tm2 ssse3 fma cx16 xtpr pdcm pcid sse4_1 sse4_2 movbe popcnt tsc_deadline_timer aes xsave avx f16c rdrand lahf_lm abm ida arat epb xsaveopt pln pts dtherm tpr_shadow vnmi flexpriority ept vpid fsgsbase tsc_adjust bmi1 avx2 smep bmi2 erms invpcid
bogomips	: 4788.97
clflush size	: 64
cache_alignment	: 64
address sizes	: 39 bits physical, 48 bits virtual
power management:

processor	: 3
vendor_id	: GenuineIntel
cpu family	: 6
model		: 69
model name	: Intel(R) Core(TM) i7-4500U CPU @ 1.80GHz
stepping	: 1
microcode	: 0x17
cpu MHz		: 2932.125
cache size	: 4096 KB
physical id	: 0
siblings	: 4
core id		: 1
cpu cores	: 2
apicid		: 3
initial apicid	: 3
fpu		: yes
fpu_exception	: yes
cpuid level	: 13
wp		: yes
flags		: fpu vme de pse tsc msr pae mce cx8 apic sep mtrr pge mca cmov pat pse36 clflush dts acpi mmx fxsr sse sse2 ss ht tm pbe syscall nx pdpe1gb rdtscp lm constant_tsc arch_perfmon pebs bts rep_good nopl xtopology nonstop_tsc aperfmperf eagerfpu pni pclmulqdq dtes64 monitor ds_cpl vmx est tm2 ssse3 fma cx16 xtpr pdcm pcid sse4_1 sse4_2 movbe popcnt tsc_deadline_timer aes xsave avx f16c rdrand lahf_lm abm ida arat epb xsaveopt pln pts dtherm tpr_shadow vnmi flexpriority ept vpid fsgsbase tsc_adjust bmi1 avx2 smep bmi2 erms invpcid
bogomips	: 4788.97
clflush size	: 64
cache_alignment	: 64
address sizes	: 39 bits physical, 48 bits virtual
power management:



Memory: 4k page, physical 8094216k(120460k free), swap 0k(0k free)

vm_info: OpenJDK 64-Bit Server VM (25.40-b23) for linux-amd64 JRE (1.8.0_40-b20), built on Mar 15 2015 09:37:38 by "builduser" with gcc 4.9.2 20150304 (prerelease)

time: Tue May 19 16:59:26 2015
elapsed time: 7 seconds (0d 0h 0m 7s)

